
android.hardware.camera2.cts.CaptureRequestTest:
Error in testDynamicBlackWhiteLevel(android.hardware.camera2.cts.CaptureRequestTest):
java.lang.Exception: Test failed for camera 0: Max deviation of the dynamic black level vs fixed black level exceed threshold. Dynamic black level results: [[49.0, 47.0, 48.0, 49.0], [49.0, 47.0, 48.0, 49.0], [49.0, 47.0, 48.0, 49.0], [49.0, 47.0, 48.0, 49.0], [49.0, 47.0, 48.0, 49.0], [49.0, 48.0, 48.0, 49.0], [49.0, 48.0, 48.0, 49.0], [48.0, 49.0, 49.0, 48.0], [49.0, 49.0, 49.0, 49.0]]: (expected = 16.0 was not greater than actual = 17.0) 
	at android.hardware.camera2.cts.testcases.Camera2SurfaceViewTestCase.tearDown(Camera2SurfaceViewTestCase.java:156)
	at android.hardware.camera2.cts.CaptureRequestTest.tearDown(CaptureRequestTest.java:128)
	at junit.framework.TestCase.runBare(TestCase.java:140)
	at junit.framework.TestResult$1.protect(TestResult.java:115)
	at android.support.test.internal.runner.junit3.AndroidTestResult.runProtected(AndroidTestResult.java:77)
	at junit.framework.TestResult.run(TestResult.java:118)
	at android.support.test.internal.runner.junit3.AndroidTestResult.run(AndroidTestResult.java:55)
	at junit.framework.TestCase.run(TestCase.java:124)
	at android.support.test.internal.runner.junit3.NonLeakyTestSuite$NonLeakyTest.run(NonLeakyTestSuite.java:63)
	at junit.framework.TestSuite.runTest(TestSuite.java:243)
	at junit.framework.TestSuite.run(TestSuite.java:238)
	at android.support.test.internal.runner.junit3.DelegatingTestSuite.run(DelegatingTestSuite.java:103)
	at android.support.test.internal.runner.junit3.AndroidTestSuite.run(AndroidTestSuite.java:73)
	at android.support.test.internal.runner.junit3.JUnit38ClassRunner.run(JUnit38ClassRunner.java:119)
	at org.junit.runners.Suite.runChild(Suite.java:128)
	at org.junit.runners.Suite.runChild(Suite.java:126)
	at org.junit.runners.ParentRunner$3.run(ParentRunner.java:290)
	at org.junit.runners.ParentRunner$1.schedule(ParentRunner.java:71)
	at org.junit.runners.ParentRunner.runChildren(ParentRunner.java:288)
	at org.junit.runners.ParentRunner.-wrap0(Unknown Source:0)
	at org.junit.runners.ParentRunner$2.evaluate(ParentRunner.java:268)
	at org.junit.runners.ParentRunner.run(ParentRunner.java:363)
	at org.junit.runner.JUnitCore.run(JUnitCore.java:137)
	at org.junit.runner.JUnitCore.run(JUnitCore.java:115)
	at android.support.test.internal.runner.TestExecutor.execute(TestExecutor.java:58)
	at android.support.test.runner.AndroidJUnitRunner.onStart(AndroidJUnitRunner.java:369)
	at android.app.Instrumentation$InstrumentationThread.run(Instrumentation.java:2082)


Time: 4.199
There was 1 failure:
1) testDynamicBlackWhiteLevel(android.hardware.camera2.cts.CaptureRequestTest)
java.lang.Exception: Test failed for camera 0: Max deviation of the dynamic black level vs fixed black level exceed threshold. Dynamic black level results: [[49.0, 47.0, 48.0, 49.0], [49.0, 47.0, 48.0, 49.0], [49.0, 47.0, 48.0, 49.0], [49.0, 47.0, 48.0, 49.0], [49.0, 47.0, 48.0, 49.0], [49.0, 48.0, 48.0, 49.0], [49.0, 48.0, 48.0, 49.0], [48.0, 49.0, 49.0, 48.0], [49.0, 49.0, 49.0, 49.0]]: (expected = 16.0 was not greater than actual = 17.0) 
	at android.hardware.camera2.cts.testcases.Camera2SurfaceViewTestCase.tearDown(Camera2SurfaceViewTestCase.java:156)
	at android.hardware.camera2.cts.CaptureRequestTest.tearDown(CaptureRequestTest.java:128)
	at junit.framework.TestCase.runBare(TestCase.java:140)
	at junit.framework.TestResult$1.protect(TestResult.java:115)
	at android.support.test.internal.runner.junit3.AndroidTestResult.runProtected(AndroidTestResult.java:77)
	at junit.framework.TestResult.run(TestResult.java:118)
	at android.support.test.internal.runner.junit3.AndroidTestResult.run(AndroidTestResult.java:55)
	at junit.framework.TestCase.run(TestCase.java:124)
	at android.support.test.internal.runner.junit3.NonLeakyTestSuite$NonLeakyTest.run(NonLeakyTestSuite.java:63)
	at junit.framework.TestSuite.runTest(TestSuite.java:243)
	at junit.framework.TestSuite.run(TestSuite.java:238)
	at android.support.test.internal.runner.junit3.DelegatingTestSuite.run(DelegatingTestSuite.java:103)
	at android.support.test.internal.runner.junit3.AndroidTestSuite.run(AndroidTestSuite.java:73)
	at android.support.test.internal.runner.junit3.JUnit38ClassRunner.run(JUnit38ClassRunner.java:119)
	at org.junit.runners.Suite.runChild(Suite.java:128)
	at org.junit.runners.Suite.runChild(Suite.java:126)
	at org.junit.runners.ParentRunner$3.run(ParentRunner.java:290)
	at org.junit.runners.ParentRunner$1.schedule(ParentRunner.java:71)
	at org.junit.runners.ParentRunner.runChildren(ParentRunner.java:288)
	at org.junit.runners.ParentRunner.-wrap0(Unknown Source:0)
	at org.junit.runners.ParentRunner$2.evaluate(ParentRunner.java:268)
	at org.junit.runners.ParentRunner.run(ParentRunner.java:363)
	at org.junit.runner.JUnitCore.run(JUnitCore.java:137)
	at org.junit.runner.JUnitCore.run(JUnitCore.java:115)
	at android.support.test.internal.runner.TestExecutor.execute(TestExecutor.java:58)
	at android.support.test.runner.AndroidJUnitRunner.onStart(AndroidJUnitRunner.java:369)
	at android.app.Instrumentation$InstrumentationThread.run(Instrumentation.java:2082)

FAILURES!!!
Tests run: 1,  Failures: 1


